<?xml version="1.0" encoding="UTF-8"?>
<testsuite xmlns:xsi="http://www.w3.org/2001/XMLSchema-instance" xsi:noNamespaceSchemaLocation="https://maven.apache.org/surefire/maven-surefire-plugin/xsd/surefire-test-report-3.0.xsd" version="3.0" name="Test" time="0.004" tests="0" errors="0" skipped="0" failures="0">
  <properties>
    <property name="sun.desktop" value="windows"/>
    <property name="awt.toolkit" value="sun.awt.windows.WToolkit"/>
    <property name="file.encoding.pkg" value="sun.io"/>
    <property name="java.specification.version" value="1.8"/>
    <property name="sun.cpu.isalist" value="amd64"/>
    <property name="sun.jnu.encoding" value="GBK"/>
    <property name="java.class.path" value="D:\IdeaProjects\message-receiver\nettyDataRecv\target\test-classes;D:\IdeaProjects\message-receiver\nettyDataRecv\target\classes;C:\Users\jumpj\.m2\repository\javax\servlet\javax.servlet-api\3.1.0\javax.servlet-api-3.1.0.jar;C:\Users\jumpj\.m2\repository\com\jcraft\jsch\0.1.51\jsch-0.1.51.jar;C:\Users\jumpj\.m2\repository\com\alibaba\fastjson\1.2.34\fastjson-1.2.34.jar;C:\Users\jumpj\.m2\repository\org\apache\commons\commons-pool2\2.4.2\commons-pool2-2.4.2.jar;C:\Users\jumpj\.m2\repository\javolution\javolution\5.5.1\javolution-5.5.1.jar;C:\Users\jumpj\.m2\repository\com\esotericsoftware\kryo\kryo\2.24.0\kryo-2.24.0.jar;C:\Users\jumpj\.m2\repository\com\esotericsoftware\minlog\minlog\1.2\minlog-1.2.jar;C:\Users\jumpj\.m2\repository\org\objenesis\objenesis\2.1\objenesis-2.1.jar;C:\Users\jumpj\.m2\repository\com\google\protobuf\protobuf-java\3.2.0\protobuf-java-3.2.0.jar;C:\Users\jumpj\.m2\repository\io\netty\netty-all\4.1.12.Final\netty-all-4.1.12.Final.jar;C:\Users\jumpj\.m2\repository\org\slf4j\slf4j-api\1.7.7\slf4j-api-1.7.7.jar;C:\Users\jumpj\.m2\repository\org\slf4j\slf4j-log4j12\1.7.7\slf4j-log4j12-1.7.7.jar;C:\Users\jumpj\.m2\repository\log4j\log4j\1.2.17\log4j-1.2.17.jar;C:\Users\jumpj\.m2\repository\org\apache\kafka\kafka_2.10\0.10.2.0\kafka_2.10-0.10.2.0.jar;C:\Users\jumpj\.m2\repository\org\apache\kafka\kafka-clients\0.10.2.0\kafka-clients-0.10.2.0.jar;C:\Users\jumpj\.m2\repository\net\jpountz\lz4\lz4\1.3.0\lz4-1.3.0.jar;C:\Users\jumpj\.m2\repository\org\xerial\snappy\snappy-java\1.1.2.6\snappy-java-1.1.2.6.jar;C:\Users\jumpj\.m2\repository\net\sf\jopt-simple\jopt-simple\5.0.3\jopt-simple-5.0.3.jar;C:\Users\jumpj\.m2\repository\com\yammer\metrics\metrics-core\2.2.0\metrics-core-2.2.0.jar;C:\Users\jumpj\.m2\repository\org\scala-lang\scala-library\2.10.6\scala-library-2.10.6.jar;C:\Users\jumpj\.m2\repository\com\101tec\zkclient\0.10\zkclient-0.10.jar;C:\Users\jumpj\.m2\repository\org\apache\zookeeper\zookeeper\3.4.9\zookeeper-3.4.9.jar;C:\Users\jumpj\.m2\repository\net\sf\json-lib\json-lib\2.4\json-lib-2.4-jdk15.jar;C:\Users\jumpj\.m2\repository\commons-beanutils\commons-beanutils\1.8.0\commons-beanutils-1.8.0.jar;C:\Users\jumpj\.m2\repository\commons-collections\commons-collections\3.2.1\commons-collections-3.2.1.jar;C:\Users\jumpj\.m2\repository\commons-lang\commons-lang\2.5\commons-lang-2.5.jar;C:\Users\jumpj\.m2\repository\commons-logging\commons-logging\1.1.1\commons-logging-1.1.1.jar;C:\Users\jumpj\.m2\repository\net\sf\ezmorph\ezmorph\1.0.6\ezmorph-1.0.6.jar;C:\Users\jumpj\.m2\repository\commons-codec\commons-codec\1.10\commons-codec-1.10.jar;C:\Users\jumpj\.m2\repository\junit\junit\3.8.1\junit-3.8.1.jar;C:\Users\jumpj\.m2\repository\redis\clients\jedis\2.5.2\jedis-2.5.2.jar;C:\Users\jumpj\.m2\repository\mysql\mysql-connector-java\5.1.16\mysql-connector-java-5.1.16.jar;C:\Users\jumpj\.m2\repository\org\apache\hadoop\hadoop-hdfs\2.6.0\hadoop-hdfs-2.6.0.jar;C:\Users\jumpj\.m2\repository\com\google\guava\guava\11.0.2\guava-11.0.2.jar;C:\Users\jumpj\.m2\repository\org\mortbay\jetty\jetty\6.1.26\jetty-6.1.26.jar;C:\Users\jumpj\.m2\repository\org\mortbay\jetty\jetty-util\6.1.26\jetty-util-6.1.26.jar;C:\Users\jumpj\.m2\repository\com\sun\jersey\jersey-core\1.9\jersey-core-1.9.jar;C:\Users\jumpj\.m2\repository\com\sun\jersey\jersey-server\1.9\jersey-server-1.9.jar;C:\Users\jumpj\.m2\repository\asm\asm\3.1\asm-3.1.jar;C:\Users\jumpj\.m2\repository\commons-cli\commons-cli\1.2\commons-cli-1.2.jar;C:\Users\jumpj\.m2\repository\commons-io\commons-io\2.4\commons-io-2.4.jar;C:\Users\jumpj\.m2\repository\commons-daemon\commons-daemon\1.0.13\commons-daemon-1.0.13.jar;C:\Users\jumpj\.m2\repository\javax\servlet\jsp\jsp-api\2.1\jsp-api-2.1.jar;C:\Users\jumpj\.m2\repository\javax\servlet\servlet-api\2.5\servlet-api-2.5.jar;C:\Users\jumpj\.m2\repository\org\codehaus\jackson\jackson-core-asl\1.9.13\jackson-core-asl-1.9.13.jar;C:\Users\jumpj\.m2\repository\org\codehaus\jackson\jackson-mapper-asl\1.9.13\jackson-mapper-asl-1.9.13.jar;C:\Users\jumpj\.m2\repository\tomcat\jasper-runtime\5.5.23\jasper-runtime-5.5.23.jar;C:\Users\jumpj\.m2\repository\xmlenc\xmlenc\0.52\xmlenc-0.52.jar;C:\Users\jumpj\.m2\repository\io\netty\netty\3.6.2.Final\netty-3.6.2.Final.jar;C:\Users\jumpj\.m2\repository\xerces\xercesImpl\2.9.1\xercesImpl-2.9.1.jar;C:\Users\jumpj\.m2\repository\xml-apis\xml-apis\1.3.04\xml-apis-1.3.04.jar;C:\Users\jumpj\.m2\repository\org\htrace\htrace-core\3.0.4\htrace-core-3.0.4.jar;C:\Users\jumpj\.m2\repository\org\apache\hadoop\hadoop-common\2.6.0\hadoop-common-2.6.0.jar;C:\Users\jumpj\.m2\repository\org\apache\hadoop\hadoop-annotations\2.6.0\hadoop-annotations-2.6.0.jar;C:\Program Files\Java\jdk-1.8\jre\..\lib\tools.jar;C:\Users\jumpj\.m2\repository\org\apache\commons\commons-math3\3.1.1\commons-math3-3.1.1.jar;C:\Users\jumpj\.m2\repository\commons-httpclient\commons-httpclient\3.1\commons-httpclient-3.1.jar;C:\Users\jumpj\.m2\repository\commons-net\commons-net\3.1\commons-net-3.1.jar;C:\Users\jumpj\.m2\repository\com\sun\jersey\jersey-json\1.9\jersey-json-1.9.jar;C:\Users\jumpj\.m2\repository\org\codehaus\jettison\jettison\1.1\jettison-1.1.jar;C:\Users\jumpj\.m2\repository\com\sun\xml\bind\jaxb-impl\2.2.3-1\jaxb-impl-2.2.3-1.jar;C:\Users\jumpj\.m2\repository\javax\xml\bind\jaxb-api\2.2.2\jaxb-api-2.2.2.jar;C:\Users\jumpj\.m2\repository\javax\xml\stream\stax-api\1.0-2\stax-api-1.0-2.jar;C:\Users\jumpj\.m2\repository\javax\activation\activation\1.1\activation-1.1.jar;C:\Users\jumpj\.m2\repository\org\codehaus\jackson\jackson-jaxrs\1.8.3\jackson-jaxrs-1.8.3.jar;C:\Users\jumpj\.m2\repository\org\codehaus\jackson\jackson-xc\1.8.3\jackson-xc-1.8.3.jar;C:\Users\jumpj\.m2\repository\tomcat\jasper-compiler\5.5.23\jasper-compiler-5.5.23.jar;C:\Users\jumpj\.m2\repository\commons-el\commons-el\1.0\commons-el-1.0.jar;C:\Users\jumpj\.m2\repository\net\java\dev\jets3t\jets3t\0.9.0\jets3t-0.9.0.jar;C:\Users\jumpj\.m2\repository\org\apache\httpcomponents\httpclient\4.1.2\httpclient-4.1.2.jar;C:\Users\jumpj\.m2\repository\org\apache\httpcomponents\httpcore\4.1.2\httpcore-4.1.2.jar;C:\Users\jumpj\.m2\repository\com\jamesmurty\utils\java-xmlbuilder\0.4\java-xmlbuilder-0.4.jar;C:\Users\jumpj\.m2\repository\commons-configuration\commons-configuration\1.6\commons-configuration-1.6.jar;C:\Users\jumpj\.m2\repository\commons-digester\commons-digester\1.8\commons-digester-1.8.jar;C:\Users\jumpj\.m2\repository\commons-beanutils\commons-beanutils-core\1.8.0\commons-beanutils-core-1.8.0.jar;C:\Users\jumpj\.m2\repository\org\apache\avro\avro\1.7.4\avro-1.7.4.jar;C:\Users\jumpj\.m2\repository\com\thoughtworks\paranamer\paranamer\2.3\paranamer-2.3.jar;C:\Users\jumpj\.m2\repository\com\google\code\gson\gson\2.2.4\gson-2.2.4.jar;C:\Users\jumpj\.m2\repository\org\apache\hadoop\hadoop-auth\2.6.0\hadoop-auth-2.6.0.jar;C:\Users\jumpj\.m2\repository\org\apache\directory\server\apacheds-kerberos-codec\2.0.0-M15\apacheds-kerberos-codec-2.0.0-M15.jar;C:\Users\jumpj\.m2\repository\org\apache\directory\server\apacheds-i18n\2.0.0-M15\apacheds-i18n-2.0.0-M15.jar;C:\Users\jumpj\.m2\repository\org\apache\directory\api\api-asn1-api\1.0.0-M20\api-asn1-api-1.0.0-M20.jar;C:\Users\jumpj\.m2\repository\org\apache\directory\api\api-util\1.0.0-M20\api-util-1.0.0-M20.jar;C:\Users\jumpj\.m2\repository\org\apache\curator\curator-framework\2.6.0\curator-framework-2.6.0.jar;C:\Users\jumpj\.m2\repository\org\apache\curator\curator-client\2.6.0\curator-client-2.6.0.jar;C:\Users\jumpj\.m2\repository\org\apache\curator\curator-recipes\2.6.0\curator-recipes-2.6.0.jar;C:\Users\jumpj\.m2\repository\com\google\code\findbugs\jsr305\1.3.9\jsr305-1.3.9.jar;C:\Users\jumpj\.m2\repository\org\apache\commons\commons-compress\1.4.1\commons-compress-1.4.1.jar;C:\Users\jumpj\.m2\repository\org\tukaani\xz\1.0\xz-1.0.jar;C:\Users\jumpj\.m2\repository\org\eclipse\jetty\jetty-server\9.2.10.v20150310\jetty-server-9.2.10.v20150310.jar;C:\Users\jumpj\.m2\repository\org\eclipse\jetty\jetty-http\9.2.10.v20150310\jetty-http-9.2.10.v20150310.jar;C:\Users\jumpj\.m2\repository\org\eclipse\jetty\jetty-util\9.2.10.v20150310\jetty-util-9.2.10.v20150310.jar;C:\Users\jumpj\.m2\repository\org\eclipse\jetty\jetty-io\9.2.10.v20150310\jetty-io-9.2.10.v20150310.jar;C:\Users\jumpj\.m2\repository\org\eclipse\jetty\jetty-servlet\9.2.10.v20150310\jetty-servlet-9.2.10.v20150310.jar;C:\Users\jumpj\.m2\repository\org\eclipse\jetty\jetty-security\9.2.10.v20150310\jetty-security-9.2.10.v20150310.jar;C:\Users\jumpj\.m2\repository\org\eclipse\jetty\jetty-webapp\9.2.10.v20150310\jetty-webapp-9.2.10.v20150310.jar;C:\Users\jumpj\.m2\repository\org\eclipse\jetty\jetty-xml\9.2.10.v20150310\jetty-xml-9.2.10.v20150310.jar;C:\Users\jumpj\.m2\repository\org\eclipse\jetty\jetty-jsp\9.3.0.M1\jetty-jsp-9.3.0.M1.jar;C:\Users\jumpj\.m2\repository\org\eclipse\jetty\toolchain\jetty-schemas\3.1.M0\jetty-schemas-3.1.M0.jar;C:\Users\jumpj\.m2\repository\javax\servlet\jsp\javax.servlet.jsp-api\2.3.1\javax.servlet.jsp-api-2.3.1.jar;C:\Users\jumpj\.m2\repository\org\glassfish\web\javax.servlet.jsp\2.3.2\javax.servlet.jsp-2.3.2.jar;C:\Users\jumpj\.m2\repository\org\eclipse\jetty\orbit\javax.servlet.jsp.jstl\1.2.0.v201105211821\javax.servlet.jsp.jstl-1.2.0.v201105211821.jar;C:\Users\jumpj\.m2\repository\org\glassfish\web\javax.servlet.jsp.jstl\1.2.2\javax.servlet.jsp.jstl-1.2.2.jar;C:\Users\jumpj\.m2\repository\org\glassfish\javax.el\3.0.0\javax.el-3.0.0.jar;C:\Users\jumpj\.m2\repository\org\eclipse\jetty\orbit\org.eclipse.jdt.core\3.8.2.v20130121\org.eclipse.jdt.core-3.8.2.v20130121.jar;C:\Users\jumpj\.m2\repository\org\glassfish\tyrus\tyrus-container-jdk-client\1.8.3\tyrus-container-jdk-client-1.8.3.jar;C:\Users\jumpj\.m2\repository\org\glassfish\tyrus\tyrus-client\1.8.3\tyrus-client-1.8.3.jar;C:\Users\jumpj\.m2\repository\org\glassfish\tyrus\tyrus-core\1.8.3\tyrus-core-1.8.3.jar;C:\Users\jumpj\.m2\repository\org\glassfish\tyrus\tyrus-spi\1.8.3\tyrus-spi-1.8.3.jar;C:\Users\jumpj\.m2\repository\javax\websocket\javax.websocket-api\1.1\javax.websocket-api-1.1.jar;C:\Users\jumpj\.m2\repository\com\dyuproject\protostuff\protostuff-core\1.0.8\protostuff-core-1.0.8.jar;C:\Users\jumpj\.m2\repository\com\dyuproject\protostuff\protostuff-api\1.0.8\protostuff-api-1.0.8.jar;C:\Users\jumpj\.m2\repository\com\dyuproject\protostuff\protostuff-runtime\1.0.8\protostuff-runtime-1.0.8.jar;C:\Users\jumpj\.m2\repository\com\dyuproject\protostuff\protostuff-collectionschema\1.0.8\protostuff-collectionschema-1.0.8.jar;C:\Users\jumpj\.m2\repository\org\xeustechnologies\jcl-core\2.8\jcl-core-2.8.jar;C:\Users\jumpj\.m2\repository\cglib\cglib-nodep\2.2\cglib-nodep-2.2.jar;C:\Users\jumpj\.m2\repository\org\kamranzafar\commons\object-cloner\0.1\object-cloner-0.1.jar;"/>
    <property name="java.vm.vendor" value="Oracle Corporation"/>
    <property name="sun.arch.data.model" value="64"/>
    <property name="user.variant" value=""/>
    <property name="java.vendor.url" value="http://java.oracle.com/"/>
    <property name="user.timezone" value="America/Los_Angeles"/>
    <property name="java.vm.specification.version" value="1.8"/>
    <property name="os.name" value="Windows 11"/>
    <property name="user.country" value="CN"/>
    <property name="sun.java.launcher" value="SUN_STANDARD"/>
    <property name="sun.boot.library.path" value="C:\Program Files\Java\jdk-1.8\jre\bin"/>
    <property name="sun.java.command" value="C:\Users\jumpj\AppData\Local\Temp\surefire2719771899317681164\surefirebooter-20240607091255143_3.jar C:\Users\jumpj\AppData\Local\Temp\surefire2719771899317681164 2024-06-07T09-12-55_094-jvmRun1 surefire-20240607091255143_1tmp surefire_0-20240607091255143_2tmp"/>
    <property name="surefire.test.class.path" value="D:\IdeaProjects\message-receiver\nettyDataRecv\target\test-classes;D:\IdeaProjects\message-receiver\nettyDataRecv\target\classes;C:\Users\jumpj\.m2\repository\javax\servlet\javax.servlet-api\3.1.0\javax.servlet-api-3.1.0.jar;C:\Users\jumpj\.m2\repository\com\jcraft\jsch\0.1.51\jsch-0.1.51.jar;C:\Users\jumpj\.m2\repository\com\alibaba\fastjson\1.2.34\fastjson-1.2.34.jar;C:\Users\jumpj\.m2\repository\org\apache\commons\commons-pool2\2.4.2\commons-pool2-2.4.2.jar;C:\Users\jumpj\.m2\repository\javolution\javolution\5.5.1\javolution-5.5.1.jar;C:\Users\jumpj\.m2\repository\com\esotericsoftware\kryo\kryo\2.24.0\kryo-2.24.0.jar;C:\Users\jumpj\.m2\repository\com\esotericsoftware\minlog\minlog\1.2\minlog-1.2.jar;C:\Users\jumpj\.m2\repository\org\objenesis\objenesis\2.1\objenesis-2.1.jar;C:\Users\jumpj\.m2\repository\com\google\protobuf\protobuf-java\3.2.0\protobuf-java-3.2.0.jar;C:\Users\jumpj\.m2\repository\io\netty\netty-all\4.1.12.Final\netty-all-4.1.12.Final.jar;C:\Users\jumpj\.m2\repository\org\slf4j\slf4j-api\1.7.7\slf4j-api-1.7.7.jar;C:\Users\jumpj\.m2\repository\org\slf4j\slf4j-log4j12\1.7.7\slf4j-log4j12-1.7.7.jar;C:\Users\jumpj\.m2\repository\log4j\log4j\1.2.17\log4j-1.2.17.jar;C:\Users\jumpj\.m2\repository\org\apache\kafka\kafka_2.10\0.10.2.0\kafka_2.10-0.10.2.0.jar;C:\Users\jumpj\.m2\repository\org\apache\kafka\kafka-clients\0.10.2.0\kafka-clients-0.10.2.0.jar;C:\Users\jumpj\.m2\repository\net\jpountz\lz4\lz4\1.3.0\lz4-1.3.0.jar;C:\Users\jumpj\.m2\repository\org\xerial\snappy\snappy-java\1.1.2.6\snappy-java-1.1.2.6.jar;C:\Users\jumpj\.m2\repository\net\sf\jopt-simple\jopt-simple\5.0.3\jopt-simple-5.0.3.jar;C:\Users\jumpj\.m2\repository\com\yammer\metrics\metrics-core\2.2.0\metrics-core-2.2.0.jar;C:\Users\jumpj\.m2\repository\org\scala-lang\scala-library\2.10.6\scala-library-2.10.6.jar;C:\Users\jumpj\.m2\repository\com\101tec\zkclient\0.10\zkclient-0.10.jar;C:\Users\jumpj\.m2\repository\org\apache\zookeeper\zookeeper\3.4.9\zookeeper-3.4.9.jar;C:\Users\jumpj\.m2\repository\net\sf\json-lib\json-lib\2.4\json-lib-2.4-jdk15.jar;C:\Users\jumpj\.m2\repository\commons-beanutils\commons-beanutils\1.8.0\commons-beanutils-1.8.0.jar;C:\Users\jumpj\.m2\repository\commons-collections\commons-collections\3.2.1\commons-collections-3.2.1.jar;C:\Users\jumpj\.m2\repository\commons-lang\commons-lang\2.5\commons-lang-2.5.jar;C:\Users\jumpj\.m2\repository\commons-logging\commons-logging\1.1.1\commons-logging-1.1.1.jar;C:\Users\jumpj\.m2\repository\net\sf\ezmorph\ezmorph\1.0.6\ezmorph-1.0.6.jar;C:\Users\jumpj\.m2\repository\commons-codec\commons-codec\1.10\commons-codec-1.10.jar;C:\Users\jumpj\.m2\repository\junit\junit\3.8.1\junit-3.8.1.jar;C:\Users\jumpj\.m2\repository\redis\clients\jedis\2.5.2\jedis-2.5.2.jar;C:\Users\jumpj\.m2\repository\mysql\mysql-connector-java\5.1.16\mysql-connector-java-5.1.16.jar;C:\Users\jumpj\.m2\repository\org\apache\hadoop\hadoop-hdfs\2.6.0\hadoop-hdfs-2.6.0.jar;C:\Users\jumpj\.m2\repository\com\google\guava\guava\11.0.2\guava-11.0.2.jar;C:\Users\jumpj\.m2\repository\org\mortbay\jetty\jetty\6.1.26\jetty-6.1.26.jar;C:\Users\jumpj\.m2\repository\org\mortbay\jetty\jetty-util\6.1.26\jetty-util-6.1.26.jar;C:\Users\jumpj\.m2\repository\com\sun\jersey\jersey-core\1.9\jersey-core-1.9.jar;C:\Users\jumpj\.m2\repository\com\sun\jersey\jersey-server\1.9\jersey-server-1.9.jar;C:\Users\jumpj\.m2\repository\asm\asm\3.1\asm-3.1.jar;C:\Users\jumpj\.m2\repository\commons-cli\commons-cli\1.2\commons-cli-1.2.jar;C:\Users\jumpj\.m2\repository\commons-io\commons-io\2.4\commons-io-2.4.jar;C:\Users\jumpj\.m2\repository\commons-daemon\commons-daemon\1.0.13\commons-daemon-1.0.13.jar;C:\Users\jumpj\.m2\repository\javax\servlet\jsp\jsp-api\2.1\jsp-api-2.1.jar;C:\Users\jumpj\.m2\repository\javax\servlet\servlet-api\2.5\servlet-api-2.5.jar;C:\Users\jumpj\.m2\repository\org\codehaus\jackson\jackson-core-asl\1.9.13\jackson-core-asl-1.9.13.jar;C:\Users\jumpj\.m2\repository\org\codehaus\jackson\jackson-mapper-asl\1.9.13\jackson-mapper-asl-1.9.13.jar;C:\Users\jumpj\.m2\repository\tomcat\jasper-runtime\5.5.23\jasper-runtime-5.5.23.jar;C:\Users\jumpj\.m2\repository\xmlenc\xmlenc\0.52\xmlenc-0.52.jar;C:\Users\jumpj\.m2\repository\io\netty\netty\3.6.2.Final\netty-3.6.2.Final.jar;C:\Users\jumpj\.m2\repository\xerces\xercesImpl\2.9.1\xercesImpl-2.9.1.jar;C:\Users\jumpj\.m2\repository\xml-apis\xml-apis\1.3.04\xml-apis-1.3.04.jar;C:\Users\jumpj\.m2\repository\org\htrace\htrace-core\3.0.4\htrace-core-3.0.4.jar;C:\Users\jumpj\.m2\repository\org\apache\hadoop\hadoop-common\2.6.0\hadoop-common-2.6.0.jar;C:\Users\jumpj\.m2\repository\org\apache\hadoop\hadoop-annotations\2.6.0\hadoop-annotations-2.6.0.jar;C:\Program Files\Java\jdk-1.8\jre\..\lib\tools.jar;C:\Users\jumpj\.m2\repository\org\apache\commons\commons-math3\3.1.1\commons-math3-3.1.1.jar;C:\Users\jumpj\.m2\repository\commons-httpclient\commons-httpclient\3.1\commons-httpclient-3.1.jar;C:\Users\jumpj\.m2\repository\commons-net\commons-net\3.1\commons-net-3.1.jar;C:\Users\jumpj\.m2\repository\com\sun\jersey\jersey-json\1.9\jersey-json-1.9.jar;C:\Users\jumpj\.m2\repository\org\codehaus\jettison\jettison\1.1\jettison-1.1.jar;C:\Users\jumpj\.m2\repository\com\sun\xml\bind\jaxb-impl\2.2.3-1\jaxb-impl-2.2.3-1.jar;C:\Users\jumpj\.m2\repository\javax\xml\bind\jaxb-api\2.2.2\jaxb-api-2.2.2.jar;C:\Users\jumpj\.m2\repository\javax\xml\stream\stax-api\1.0-2\stax-api-1.0-2.jar;C:\Users\jumpj\.m2\repository\javax\activation\activation\1.1\activation-1.1.jar;C:\Users\jumpj\.m2\repository\org\codehaus\jackson\jackson-jaxrs\1.8.3\jackson-jaxrs-1.8.3.jar;C:\Users\jumpj\.m2\repository\org\codehaus\jackson\jackson-xc\1.8.3\jackson-xc-1.8.3.jar;C:\Users\jumpj\.m2\repository\tomcat\jasper-compiler\5.5.23\jasper-compiler-5.5.23.jar;C:\Users\jumpj\.m2\repository\commons-el\commons-el\1.0\commons-el-1.0.jar;C:\Users\jumpj\.m2\repository\net\java\dev\jets3t\jets3t\0.9.0\jets3t-0.9.0.jar;C:\Users\jumpj\.m2\repository\org\apache\httpcomponents\httpclient\4.1.2\httpclient-4.1.2.jar;C:\Users\jumpj\.m2\repository\org\apache\httpcomponents\httpcore\4.1.2\httpcore-4.1.2.jar;C:\Users\jumpj\.m2\repository\com\jamesmurty\utils\java-xmlbuilder\0.4\java-xmlbuilder-0.4.jar;C:\Users\jumpj\.m2\repository\commons-configuration\commons-configuration\1.6\commons-configuration-1.6.jar;C:\Users\jumpj\.m2\repository\commons-digester\commons-digester\1.8\commons-digester-1.8.jar;C:\Users\jumpj\.m2\repository\commons-beanutils\commons-beanutils-core\1.8.0\commons-beanutils-core-1.8.0.jar;C:\Users\jumpj\.m2\repository\org\apache\avro\avro\1.7.4\avro-1.7.4.jar;C:\Users\jumpj\.m2\repository\com\thoughtworks\paranamer\paranamer\2.3\paranamer-2.3.jar;C:\Users\jumpj\.m2\repository\com\google\code\gson\gson\2.2.4\gson-2.2.4.jar;C:\Users\jumpj\.m2\repository\org\apache\hadoop\hadoop-auth\2.6.0\hadoop-auth-2.6.0.jar;C:\Users\jumpj\.m2\repository\org\apache\directory\server\apacheds-kerberos-codec\2.0.0-M15\apacheds-kerberos-codec-2.0.0-M15.jar;C:\Users\jumpj\.m2\repository\org\apache\directory\server\apacheds-i18n\2.0.0-M15\apacheds-i18n-2.0.0-M15.jar;C:\Users\jumpj\.m2\repository\org\apache\directory\api\api-asn1-api\1.0.0-M20\api-asn1-api-1.0.0-M20.jar;C:\Users\jumpj\.m2\repository\org\apache\directory\api\api-util\1.0.0-M20\api-util-1.0.0-M20.jar;C:\Users\jumpj\.m2\repository\org\apache\curator\curator-framework\2.6.0\curator-framework-2.6.0.jar;C:\Users\jumpj\.m2\repository\org\apache\curator\curator-client\2.6.0\curator-client-2.6.0.jar;C:\Users\jumpj\.m2\repository\org\apache\curator\curator-recipes\2.6.0\curator-recipes-2.6.0.jar;C:\Users\jumpj\.m2\repository\com\google\code\findbugs\jsr305\1.3.9\jsr305-1.3.9.jar;C:\Users\jumpj\.m2\repository\org\apache\commons\commons-compress\1.4.1\commons-compress-1.4.1.jar;C:\Users\jumpj\.m2\repository\org\tukaani\xz\1.0\xz-1.0.jar;C:\Users\jumpj\.m2\repository\org\eclipse\jetty\jetty-server\9.2.10.v20150310\jetty-server-9.2.10.v20150310.jar;C:\Users\jumpj\.m2\repository\org\eclipse\jetty\jetty-http\9.2.10.v20150310\jetty-http-9.2.10.v20150310.jar;C:\Users\jumpj\.m2\repository\org\eclipse\jetty\jetty-util\9.2.10.v20150310\jetty-util-9.2.10.v20150310.jar;C:\Users\jumpj\.m2\repository\org\eclipse\jetty\jetty-io\9.2.10.v20150310\jetty-io-9.2.10.v20150310.jar;C:\Users\jumpj\.m2\repository\org\eclipse\jetty\jetty-servlet\9.2.10.v20150310\jetty-servlet-9.2.10.v20150310.jar;C:\Users\jumpj\.m2\repository\org\eclipse\jetty\jetty-security\9.2.10.v20150310\jetty-security-9.2.10.v20150310.jar;C:\Users\jumpj\.m2\repository\org\eclipse\jetty\jetty-webapp\9.2.10.v20150310\jetty-webapp-9.2.10.v20150310.jar;C:\Users\jumpj\.m2\repository\org\eclipse\jetty\jetty-xml\9.2.10.v20150310\jetty-xml-9.2.10.v20150310.jar;C:\Users\jumpj\.m2\repository\org\eclipse\jetty\jetty-jsp\9.3.0.M1\jetty-jsp-9.3.0.M1.jar;C:\Users\jumpj\.m2\repository\org\eclipse\jetty\toolchain\jetty-schemas\3.1.M0\jetty-schemas-3.1.M0.jar;C:\Users\jumpj\.m2\repository\javax\servlet\jsp\javax.servlet.jsp-api\2.3.1\javax.servlet.jsp-api-2.3.1.jar;C:\Users\jumpj\.m2\repository\org\glassfish\web\javax.servlet.jsp\2.3.2\javax.servlet.jsp-2.3.2.jar;C:\Users\jumpj\.m2\repository\org\eclipse\jetty\orbit\javax.servlet.jsp.jstl\1.2.0.v201105211821\javax.servlet.jsp.jstl-1.2.0.v201105211821.jar;C:\Users\jumpj\.m2\repository\org\glassfish\web\javax.servlet.jsp.jstl\1.2.2\javax.servlet.jsp.jstl-1.2.2.jar;C:\Users\jumpj\.m2\repository\org\glassfish\javax.el\3.0.0\javax.el-3.0.0.jar;C:\Users\jumpj\.m2\repository\org\eclipse\jetty\orbit\org.eclipse.jdt.core\3.8.2.v20130121\org.eclipse.jdt.core-3.8.2.v20130121.jar;C:\Users\jumpj\.m2\repository\org\glassfish\tyrus\tyrus-container-jdk-client\1.8.3\tyrus-container-jdk-client-1.8.3.jar;C:\Users\jumpj\.m2\repository\org\glassfish\tyrus\tyrus-client\1.8.3\tyrus-client-1.8.3.jar;C:\Users\jumpj\.m2\repository\org\glassfish\tyrus\tyrus-core\1.8.3\tyrus-core-1.8.3.jar;C:\Users\jumpj\.m2\repository\org\glassfish\tyrus\tyrus-spi\1.8.3\tyrus-spi-1.8.3.jar;C:\Users\jumpj\.m2\repository\javax\websocket\javax.websocket-api\1.1\javax.websocket-api-1.1.jar;C:\Users\jumpj\.m2\repository\com\dyuproject\protostuff\protostuff-core\1.0.8\protostuff-core-1.0.8.jar;C:\Users\jumpj\.m2\repository\com\dyuproject\protostuff\protostuff-api\1.0.8\protostuff-api-1.0.8.jar;C:\Users\jumpj\.m2\repository\com\dyuproject\protostuff\protostuff-runtime\1.0.8\protostuff-runtime-1.0.8.jar;C:\Users\jumpj\.m2\repository\com\dyuproject\protostuff\protostuff-collectionschema\1.0.8\protostuff-collectionschema-1.0.8.jar;C:\Users\jumpj\.m2\repository\org\xeustechnologies\jcl-core\2.8\jcl-core-2.8.jar;C:\Users\jumpj\.m2\repository\cglib\cglib-nodep\2.2\cglib-nodep-2.2.jar;C:\Users\jumpj\.m2\repository\org\kamranzafar\commons\object-cloner\0.1\object-cloner-0.1.jar;"/>
    <property name="sun.cpu.endian" value="little"/>
    <property name="user.home" value="C:\Users\jumpj"/>
    <property name="user.language" value="zh"/>
    <property name="java.specification.vendor" value="Oracle Corporation"/>
    <property name="java.home" value="C:\Program Files\Java\jdk-1.8\jre"/>
    <property name="basedir" value="D:\IdeaProjects\message-receiver\nettyDataRecv"/>
    <property name="file.separator" value="\"/>
    <property name="line.separator" value="&#10;"/>
    <property name="java.vm.specification.vendor" value="Oracle Corporation"/>
    <property name="java.specification.name" value="Java Platform API Specification"/>
    <property name="java.awt.graphicsenv" value="sun.awt.Win32GraphicsEnvironment"/>
    <property name="surefire.real.class.path" value="C:\Users\jumpj\AppData\Local\Temp\surefire2719771899317681164\surefirebooter-20240607091255143_3.jar"/>
    <property name="sun.boot.class.path" value="C:\Program Files\Java\jdk-1.8\jre\lib\resources.jar;C:\Program Files\Java\jdk-1.8\jre\lib\rt.jar;C:\Program Files\Java\jdk-1.8\jre\lib\jsse.jar;C:\Program Files\Java\jdk-1.8\jre\lib\jce.jar;C:\Program Files\Java\jdk-1.8\jre\lib\charsets.jar;C:\Program Files\Java\jdk-1.8\jre\lib\jfr.jar;C:\Program Files\Java\jdk-1.8\jre\classes"/>
    <property name="user.script" value=""/>
    <property name="sun.management.compiler" value="HotSpot 64-Bit Tiered Compilers"/>
    <property name="java.runtime.version" value="1.8.0_391-b13"/>
    <property name="user.name" value="jumpj"/>
    <property name="path.separator" value=";"/>
    <property name="os.version" value="10.0"/>
    <property name="java.endorsed.dirs" value="C:\Program Files\Java\jdk-1.8\jre\lib\endorsed"/>
    <property name="java.runtime.name" value="Java(TM) SE Runtime Environment"/>
    <property name="file.encoding" value="GBK"/>
    <property name="java.vm.name" value="Java HotSpot(TM) 64-Bit Server VM"/>
    <property name="localRepository" value="C:\Users\jumpj\.m2\repository"/>
    <property name="java.vendor.url.bug" value="http://bugreport.sun.com/bugreport/"/>
    <property name="java.io.tmpdir" value="C:\Users\jumpj\AppData\Local\Temp\"/>
    <property name="idea.version" value="2024.1"/>
    <property name="java.version" value="1.8.0_391"/>
    <property name="user.dir" value="D:\IdeaProjects\message-receiver\nettyDataRecv"/>
    <property name="os.arch" value="amd64"/>
    <property name="java.vm.specification.name" value="Java Virtual Machine Specification"/>
    <property name="java.awt.printerjob" value="sun.awt.windows.WPrinterJob"/>
    <property name="sun.os.patch.level" value=""/>
    <property name="java.library.path" value="C:\Program Files\Java\jdk-1.8\jre\bin;C:\Windows\Sun\Java\bin;C:\Windows\system32;C:\Windows;D:\software\vmware\bin\;C:\Program Files\Java\jdk-11\bin;D:\software\hadoop-2.10.2\bin;C:\Program Files\Common Files\Oracle\Java\javapath;C:\Program Files (x86)\Common Files\Oracle\Java\javapath;C:\Windows\system32;C:\Windows;C:\Windows\System32\Wbem;C:\Windows\System32\WindowsPowerShell\v1.0\;C:\Windows\System32\OpenSSH\;C:\Program Files (x86)\NVIDIA Corporation\PhysX\Common;C:\Program Files\NVIDIA Corporation\NVIDIA NvDLISR;C:\Program Files\dotnet\;C:\ProgramData\chocolatey\bin;D:\software\nodejs\;C:\Users\jumpj\AppData\Local\Programs\Python\Python312;C:\Users\jumpj\AppData\Local\Programs\Python\Python312\Scripts;C:\Users\jumpj\AppData\Local\Programs\Python\Python312\Lib\site-packages;C:\Program Files\Docker\Docker\resources\bin;D:\software\Git\cmd;C:\Users\jumpj\AppData\Roaming\npm;D:\software;C:\Program Files\Java\jdk-11\bin;D:\software\hadoop-2.10.2\bin;C:\Users\jumpj\AppData\Local\Programs\Python\Launcher\;C:\Users\jumpj\AppData\Local\Microsoft\WindowsApps;D:\software\IntelliJ IDEA Community Edition 2023.2.2\bin;;D:\software\IntelliJ IDEA 2023.2.3\bin;;D:\software\nodejs\npm;D:\software\apache-maven-3.9.6-bin\apache-maven-3.9.6\bin;C:\Users\jumpj\AppData\Local\Docker Labs Debug Tools\bin;D:\software\GnuWin32\bin;C:\Users\jumpj\AppData\Local\Programs\Python\Python312\Scripts;C:\Users\jumpj\AppData\Local\Programs\Python\Python312;C:\Users\jumpj\AppData\Roaming\Python\Python312\Scripts;C:\Users\jumpj\AppData\Local\Programs\Python\Python312\Lib\site-packages;D:\software\wamp64\bin\php\php8.0.30;C:\Users\jumpj\AppData\Roaming\npm;D:\software;C:\Users\jumpj\AppData\Roaming\Composer\vendor\bin;."/>
    <property name="java.vm.info" value="mixed mode"/>
    <property name="java.vendor" value="Oracle Corporation"/>
    <property name="java.vm.version" value="25.391-b13"/>
    <property name="java.specification.maintenance.version" value="5"/>
    <property name="java.ext.dirs" value="C:\Program Files\Java\jdk-1.8\jre\lib\ext;C:\Windows\Sun\Java\lib\ext"/>
    <property name="sun.io.unicode.encoding" value="UnicodeLittle"/>
    <property name="java.class.version" value="52.0"/>
  </properties>
</testsuite>